<?xml version="1.0" encoding="UTF-8"?>
<!-- Generated by org.testng.reporters.JUnitReportReporter -->
<testsuite skipped="0" hostname="DDC5-L-8SR06M2" name="testCase.ItemSearchTest" tests="4" failures="0" timestamp="22 May 2019 17:37:31 GMT" time="346.164" errors="0">
  <testcase name="invalidSearchResultPage" time="63.502" classname="testCase.ItemSearchTest"/>
  <testcase name="plpElements" time="69.513" classname="testCase.ItemSearchTest"/>
  <testcase name="singleProductSearch" time="115.876" classname="testCase.ItemSearchTest"/>
  <testcase name="searchSKU" time="97.273" classname="testCase.ItemSearchTest"/>
</testsuite> <!-- testCase.ItemSearchTest -->
