<?xml version="1.0" encoding="UTF-8"?>
<!-- Generated by org.testng.reporters.JUnitReportReporter -->
<testsuite skipped="0" hostname="DDC5-L-8SR06M2" name="testCase.WishlistAttributesTest" tests="1" failures="0" timestamp="25 May 2019 18:21:49 GMT" time="56.465" errors="0">
  <testcase name="verifyWishlistAttributes" time="56.465" classname="testCase.WishlistAttributesTest"/>
</testsuite> <!-- testCase.WishlistAttributesTest -->
