<?xml version="1.0" encoding="UTF-8"?>
<!-- Generated by org.testng.reporters.JUnitReportReporter -->
<testsuite skipped="0" hostname="DDC5-L-8SR06M2" name="testCaseSprint1.GetOrderStatusTest" tests="1" failures="0" timestamp="29 May 2019 16:45:49 GMT" time="24.069" errors="0">
  <testcase name="getOrderStatusPositive" time="24.069" classname="testCaseSprint1.GetOrderStatusTest"/>
</testsuite> <!-- testCaseSprint1.GetOrderStatusTest -->
