<?xml version="1.0" encoding="UTF-8"?>
<!-- Generated by org.testng.reporters.JUnitReportReporter -->
<testsuite skipped="0" hostname="DDC5-L-8SR06M2" name="testrun" tests="1" failures="0" timestamp="05 Jun 2019 08:52:19 GMT" time="35.410" errors="0">
  <testcase name="test" time="35.410" classname="testrun"/>
</testsuite> <!-- testrun -->
