<?xml version="1.0" encoding="UTF-8"?>
<!-- Generated by org.testng.reporters.JUnitReportReporter -->
<testsuite skipped="0" hostname="DDC5-L-8SR06M2" name="sprint1.OrderDetailsLinkTest" tests="1" failures="0" timestamp="25 Jun 2019 04:50:02 GMT" time="37.109" errors="0">
  <testcase name="OrderDetailsPageElement" time="37.109" classname="sprint1.OrderDetailsLinkTest"/>
</testsuite> <!-- sprint1.OrderDetailsLinkTest -->
