<?xml version="1.0" encoding="UTF-8"?>
<!-- Generated by org.testng.reporters.JUnitReportReporter -->
<testsuite skipped="0" hostname="DDC5-L-8SR06M2" name="testCaseSprint1.PromotionalSignUpTest" tests="3" failures="0" timestamp="27 May 2019 18:22:14 GMT" time="54.055" errors="0">
  <testcase name="promotionalSignUpPositive" time="14.848" classname="testCaseSprint1.PromotionalSignUpTest"/>
  <testcase name="promotionalSignUpInvalidEmail" time="15.434" classname="testCaseSprint1.PromotionalSignUpTest"/>
  <testcase name="promotionalSignUpBlankEmail" time="23.773" classname="testCaseSprint1.PromotionalSignUpTest"/>
</testsuite> <!-- testCaseSprint1.PromotionalSignUpTest -->
