<?xml version="1.0" encoding="UTF-8"?>
<!-- Generated by org.testng.reporters.JUnitReportReporter -->
<testsuite skipped="0" hostname="DDC5-L-8SR06M2" name="CommonCode.SearchBar" tests="1" failures="0" timestamp="19 May 2019 19:43:41 GMT" time="8.134" errors="0">
  <testcase name="search" time="8.134" classname="CommonCode.SearchBar"/>
</testsuite> <!-- CommonCode.SearchBar -->
