<?xml version="1.0" encoding="UTF-8"?>
<!-- Generated by org.testng.reporters.JUnitReportReporter -->
<testsuite skipped="0" hostname="DDC5-L-8SR06M2" name="testCaseSprint1.PersonalDetailsTest" tests="3" failures="0" timestamp="27 May 2019 16:28:31 GMT" time="94.940" errors="0">
  <testcase name="updatePhoneNumberCancelled" time="28.739" classname="testCaseSprint1.PersonalDetailsTest"/>
  <testcase name="updatePhoneNumberStringValues" time="30.444" classname="testCaseSprint1.PersonalDetailsTest"/>
  <testcase name="updatePhoneNumberPositive" time="35.757" classname="testCaseSprint1.PersonalDetailsTest"/>
</testsuite> <!-- testCaseSprint1.PersonalDetailsTest -->
