<?xml version="1.0" encoding="UTF-8"?>
<!-- Generated by org.testng.reporters.JUnitReportReporter -->
<testsuite skipped="0" hostname="DDC5-L-8SR06M2" name="Testing.test" tests="1" failures="0" timestamp="19 May 2019 08:26:20 GMT" time="0.016" errors="0">
  <testcase name="wtest" time="0.016" classname="Testing.test"/>
</testsuite> <!-- Testing.test -->
