<?xml version="1.0" encoding="UTF-8"?>
<!-- Generated by org.testng.reporters.JUnitReportReporter -->
<testsuite skipped="0" hostname="DDC5-L-8SR06M2" name="testCaseSprint1.SocialMediaSharingIconTest" tests="1" failures="0" timestamp="29 May 2019 17:21:39 GMT" time="14.837" errors="0">
  <testcase name="instagramShare" time="14.837" classname="testCaseSprint1.SocialMediaSharingIconTest"/>
</testsuite> <!-- testCaseSprint1.SocialMediaSharingIconTest -->
